info it worked if it ends with ok
verbose cli [ 'C:\\Program Files\\nodejs\\\\node.exe',
verbose cli   'C:\\Program Files\\nodejs\\node_modules\\npm\\bin\\npm-cli.js',
verbose cli   'install',
verbose cli   'connect-mongodb' ]
info using npm@1.1.0-beta-4
info using node@v0.6.6
verbose config file C:\Users\AIR-MINI\.npmrc
verbose config file C:\Program Files\nodejs\etc\npmrc
verbose config file C:\Program Files\nodejs\node_modules\npm\npmrc
verbose mkdir done: C:\users\air-mini\documents\projects\boxhop 755
verbose caching C:\users\air-mini\documents\projects\boxhop\package.json
verbose loadDefaults application-name@0.0.1
verbose caching C:\users\air-mini\documents\projects\boxhop\node_modules\connect\package.json
verbose loadDefaults connect@1.8.3
verbose caching C:\users\air-mini\documents\projects\boxhop\node_modules\ejs\package.json
verbose loadDefaults ejs@0.4.3
verbose caching C:\users\air-mini\documents\projects\boxhop\node_modules\express\package.json
verbose loadDefaults express@2.4.3
verbose caching C:\users\air-mini\documents\projects\boxhop\node_modules\mongoose\package.json
verbose loadDefaults mongoose@2.4.1
verbose caching C:\users\air-mini\documents\projects\boxhop\node_modules\socket.io\package.json
verbose loadDefaults socket.io@0.7.7
verbose caching C:\users\air-mini\documents\projects\boxhop\node_modules\underscore\package.json
verbose loadDefaults underscore@1.3.0
verbose caching C:\users\air-mini\documents\projects\boxhop\node_modules\jade\package.json
verbose loadDefaults jade@0.13.0
verbose caching C:\users\air-mini\documents\projects\boxhop\node_modules\dev\package.json
verbose loadDefaults dev@0.1.3
verbose caching C:\users\air-mini\documents\projects\boxhop\node_modules\node-inspector\package.json
verbose loadDefaults node-inspector@0.1.8
verbose caching C:\users\air-mini\documents\projects\boxhop\node_modules\policyfile\package.json
verbose loadDefaults policyfile@0.0.4
verbose caching C:\users\air-mini\documents\projects\boxhop\node_modules\redis\package.json
verbose loadDefaults redis@0.6.6
verbose caching C:\users\air-mini\documents\projects\boxhop\node_modules\socket.io-client\package.json
verbose loadDefaults socket.io-client@0.7.4
verbose caching C:\users\air-mini\documents\projects\boxhop\node_modules\socket.io.6\package.json
verbose loadDefaults socket.io@0.6.18
verbose caching C:\users\air-mini\documents\projects\boxhop\node_modules\npm\package.json
verbose loadDefaults npm@1.1.0-alpha-6
verbose from cache C:\users\air-mini\documents\projects\boxhop\package.json
verbose into C:\users\air-mini\documents\projects\boxhop [ 'connect-mongodb' ]
verbose cache add connect-mongodb
verbose cache add [ 'connect-mongodb', null ]
silly cache add: name, spec, args [ undefined, 'connect-mongodb', [ 'connect-mongodb', null ] ]
verbose parsed url { pathname: 'connect-mongodb',
verbose parsed url   path: 'connect-mongodb',
verbose parsed url   href: 'connect-mongodb' }
verbose addNamed [ 'connect-mongodb', '' ]
verbose addNamed [ null, '' ]
silly name, range, hasData [ 'connect-mongodb', '', false ]
verbose raw, before any munging connect-mongodb
verbose url resolving [ 'https://registry.npmjs.org/', './connect-mongodb' ]
verbose url resolved https://registry.npmjs.org/connect-mongodb
verbose etag "E8WY8ELYB7BGMVR502VN0KGI7"
http GET https://registry.npmjs.org/connect-mongodb
http 200 https://registry.npmjs.org/connect-mongodb
silly get cb [ 200,
silly get cb   { vary: 'Accept',
silly get cb     server: 'CouchDB/1.1.0 (Erlang OTP/R14B04)',
silly get cb     etag: '"CYDUVKPIV369566HC3NBYUW5M"',
silly get cb     date: 'Mon, 05 Mar 2012 00:26:22 GMT',
silly get cb     'content-type': 'application/json',
silly get cb     'content-length': '16493' } ]
verbose mkdir done: C:\Users\AIR-MINI\AppData\Roaming\npm-cache\connect-mongodb 755
silly name, range, hasData 2 [ 'connect-mongodb', '', true ]
silly versions [ 'connect-mongodb',
silly versions   [ '0.0.2',
silly versions     '0.0.4',
silly versions     '0.1.0',
silly versions     '0.1.1',
silly versions     '0.2.0',
silly versions     '0.2.1',
silly versions     '0.2.2',
silly versions     '0.3.0',
silly versions     '0.4.0',
silly versions     '1.0.0beta',
silly versions     '1.0.0rc',
silly versions     '1.0.0rc2',
silly versions     '1.0.0',
silly versions     '1.1.0',
silly versions     '1.1.1',
silly versions     '1.1.2',
silly versions     '1.1.3' ] ]
verbose bin dist [ '0.6-ares1.7.5-DEV-evundefined-openssl0.9.8r-v83.6.6.14-win32-ia32-6.1.7601',
verbose bin dist   { shasum: '0f6f88604e7fb8ae3bcb71aaab188e08b03d6f44',
verbose bin dist     tarball: 'http://registry.npmjs.org/connect-mongodb/-/connect-mongodb-1.1.3.tgz' } ]
verbose caching C:\Users\AIR-MINI\AppData\Roaming\npm-cache\connect-mongodb\1.1.3\package\package.json
verbose loadDefaults connect-mongodb@1.1.3
silly resolved [ { name: 'connect-mongodb',
silly resolved     description: 'mongodb session store for connect',
silly resolved     version: '1.1.3',
silly resolved     author: { name: 'Vladimir Dronnikov', email: 'dronnikov@gmail.com' },
silly resolved     contributors: 
silly resolved      [ { name: 'Pau Ramon', email: 'masylum@gmail.com' },
silly resolved        { name: 'ramv' } ],
silly resolved     repository: 
silly resolved      { type: 'git',
silly resolved        url: 'git://github.com/masylum/connect-mongodb.git' },
silly resolved     dependencies: { mongodb: '0.9.7', connect: '1.8.5' },
silly resolved     devDependencies: { testosterone: '1.2.0', gently: '0.9.1', funk: '1.5.0' },
silly resolved     main: './lib/connect-mongodb',
silly resolved     _id: 'connect-mongodb@1.1.3',
silly resolved     engines: { node: '*' },
silly resolved     _engineSupported: true,
silly resolved     _npmVersion: '1.1.0-beta-4',
silly resolved     _nodeVersion: 'v0.6.6',
silly resolved     _defaultsLoaded: true,
silly resolved     scripts: {} } ]
info into C:\users\air-mini\documents\projects\boxhop connect-mongodb@1.1.3
info installOne connect-mongodb@1.1.3
info unbuild C:\users\air-mini\documents\projects\boxhop\node_modules\connect-mongodb
verbose from cache C:\Users\AIR-MINI\AppData\Roaming\npm-cache\connect-mongodb\1.1.3\package\package.json
verbose mkdir (expected) error ENOENT, no such file or directory 'C:\users\air-mini\documents\projects\boxhop\node_modules\___connect-mongodb.npm'
verbose mkdir done: C:\users\air-mini\documents\projects\boxhop\node_modules\___connect-mongodb.npm 755
verbose unpack_ uid, gid [ undefined, undefined ]
verbose unpackTarget C:\users\air-mini\documents\projects\boxhop\node_modules\connect-mongodb
silly gunzTarPerm modes [ '755', '644' ]
silly afterUntar undefined
verbose gunzed C:\users\air-mini\documents\projects\boxhop\node_modules\___connect-mongodb.npm\package
verbose rm'ed C:\users\air-mini\documents\projects\boxhop\node_modules\connect-mongodb
verbose renamed [ 'C:\\users\\air-mini\\documents\\projects\\boxhop\\node_modules\\___connect-mongodb.npm\\package',
verbose renamed   'C:\\users\\air-mini\\documents\\projects\\boxhop\\node_modules\\connect-mongodb' ]
verbose caching C:\users\air-mini\documents\projects\boxhop\node_modules\connect-mongodb\package.json
verbose loadDefaults connect-mongodb@1.1.3
info preinstall connect-mongodb@1.1.3
verbose from cache C:\users\air-mini\documents\projects\boxhop\node_modules\connect-mongodb\package.json
verbose into C:\users\air-mini\documents\projects\boxhop\node_modules\connect-mongodb [ 'mongodb@0.9.7', 'connect@1.8.5' ]
verbose cache add connect@1.8.5
verbose cache add [ 'connect@1.8.5', null ]
silly cache add: name, spec, args [ undefined, 'connect@1.8.5', [ 'connect@1.8.5', null ] ]
verbose parsed url { pathname: 'connect@1.8.5',
verbose parsed url   path: 'connect@1.8.5',
verbose parsed url   href: 'connect@1.8.5' }
silly cache add: name, spec, args [ 'connect', '1.8.5', [ 'connect', '1.8.5' ] ]
verbose parsed url { pathname: '1.8.5', path: '1.8.5', href: '1.8.5' }
verbose addNamed [ 'connect', '1.8.5' ]
verbose addNamed [ '1.8.5', '1.8.5' ]
verbose cache add mongodb@0.9.7
verbose cache add [ 'mongodb@0.9.7', null ]
silly cache add: name, spec, args [ undefined, 'mongodb@0.9.7', [ 'mongodb@0.9.7', null ] ]
verbose parsed url { pathname: 'mongodb@0.9.7',
verbose parsed url   path: 'mongodb@0.9.7',
verbose parsed url   href: 'mongodb@0.9.7' }
silly cache add: name, spec, args [ 'mongodb', '0.9.7', [ 'mongodb', '0.9.7' ] ]
verbose parsed url { pathname: '0.9.7', path: '0.9.7', href: '0.9.7' }
verbose addNamed [ 'mongodb', '0.9.7' ]
verbose addNamed [ '0.9.7', '0.9.7' ]
verbose raw, before any munging mongodb/0.9.7
verbose url resolving [ 'https://registry.npmjs.org/', './mongodb/0.9.7' ]
verbose url resolved https://registry.npmjs.org/mongodb/0.9.7
verbose etag "9TR6QH4W6R6M0W8D51U9NM7GU"
http GET https://registry.npmjs.org/mongodb/0.9.7
verbose raw, before any munging connect/1.8.5
verbose url resolving [ 'https://registry.npmjs.org/', './connect/1.8.5' ]
verbose url resolved https://registry.npmjs.org/connect/1.8.5
verbose etag "9X8QGROIFM9YZ25BLK099J0ZN"
http GET https://registry.npmjs.org/connect/1.8.5
http 200 https://registry.npmjs.org/connect/1.8.5
silly get cb [ 200,
silly get cb   { vary: 'Accept',
silly get cb     server: 'CouchDB/1.1.0 (Erlang OTP/R14B04)',
silly get cb     etag: '"4LY9BGZVA48GP92XQ0NUQ60ME"',
silly get cb     date: 'Mon, 05 Mar 2012 00:26:24 GMT',
silly get cb     'content-type': 'application/json',
silly get cb     'content-length': '1032' } ]
verbose mkdir done: C:\Users\AIR-MINI\AppData\Roaming\npm-cache\connect\1.8.5 755
verbose bin dist [ '0.6-ares1.7.5-DEV-evundefined-openssl0.9.8r-v83.6.6.14-win32-ia32-6.1.7601',
verbose bin dist   { shasum: 'e7ec35a6598d96b6c2dadab817152b406b35d949',
verbose bin dist     tarball: 'http://registry.npmjs.org/connect/-/connect-1.8.5.tgz' } ]
verbose addRemoteTarball [ 'https://registry.npmjs.org/connect/-/connect-1.8.5.tgz',
verbose addRemoteTarball   'e7ec35a6598d96b6c2dadab817152b406b35d949' ]
verbose mkdir (expected) error ENOENT, no such file or directory 'C:\Users\AIR-MINI\AppData\Local\Temp\npm-1330907187668'
verbose mkdir (expected) error ENOENT, no such file or directory 'C:\Users\AIR-MINI\AppData\Local\Temp\npm-1330907187668\1330907187668-0.8760721541475505'
verbose mkdir done: C:\Users\AIR-MINI\AppData\Local\Temp\npm-1330907187668\1330907187668-0.8760721541475505 755
verbose fetch to C:\Users\AIR-MINI\AppData\Local\Temp\npm-1330907187668\1330907187668-0.8760721541475505\tmp.tgz
verbose mkdir done: C:\Users\AIR-MINI\AppData\Local\Temp\npm-1330907187668\1330907187668-0.8760721541475505 755
http GET https://registry.npmjs.org/connect/-/connect-1.8.5.tgz
http 200 https://registry.npmjs.org/mongodb/0.9.7
silly get cb [ 200,
silly get cb   { vary: 'Accept',
silly get cb     server: 'CouchDB/1.1.0 (Erlang OTP/R14B04)',
silly get cb     etag: '"3O93YWL7P8467NKTUTN940L5C"',
silly get cb     date: 'Mon, 05 Mar 2012 00:26:25 GMT',
silly get cb     'content-type': 'application/json',
silly get cb     'content-length': '2310' } ]
verbose mkdir done: C:\Users\AIR-MINI\AppData\Roaming\npm-cache\mongodb\0.9.7 755
verbose bin dist [ '0.6-ares1.7.5-DEV-evundefined-openssl0.9.8r-v83.6.6.14-win32-ia32-6.1.7601',
verbose bin dist   { shasum: '1f1a21b68096663e1c4709f132c4de886feba1c3',
verbose bin dist     tarball: 'http://registry.npmjs.org/mongodb/-/mongodb-0.9.7.tgz' } ]
verbose addRemoteTarball [ 'https://registry.npmjs.org/mongodb/-/mongodb-0.9.7.tgz',
verbose addRemoteTarball   '1f1a21b68096663e1c4709f132c4de886feba1c3' ]
verbose mkdir (expected) error ENOENT, no such file or directory 'C:\Users\AIR-MINI\AppData\Local\Temp\npm-1330907187668\1330907187976-0.8817210574634373'
verbose mkdir done: C:\Users\AIR-MINI\AppData\Local\Temp\npm-1330907187668\1330907187976-0.8817210574634373 755
verbose fetch to C:\Users\AIR-MINI\AppData\Local\Temp\npm-1330907187668\1330907187976-0.8817210574634373\tmp.tgz
verbose mkdir done: C:\Users\AIR-MINI\AppData\Local\Temp\npm-1330907187668\1330907187976-0.8817210574634373 755
http GET https://registry.npmjs.org/mongodb/-/mongodb-0.9.7.tgz
http 200 https://registry.npmjs.org/connect/-/connect-1.8.5.tgz
http 200 https://registry.npmjs.org/mongodb/-/mongodb-0.9.7.tgz
silly updated sha bytes 40960
silly updated sha bytes 40960
info shasum e7ec35a6598d96b6c2dadab817152b406b35d949
info shasum C:\Users\AIR-MINI\AppData\Local\Temp\npm-1330907187668\1330907187668-0.8760721541475505\tmp.tgz
verbose mkdir (expected) error ENOENT, no such file or directory 'C:\Users\AIR-MINI\AppData\Local\Temp\npm-1330907187668\1330907187668-0.8760721541475505\___package.npm'
verbose mkdir done: C:\Users\AIR-MINI\AppData\Local\Temp\npm-1330907187668\1330907187668-0.8760721541475505\___package.npm 755
verbose unpack_ uid, gid [ undefined, undefined ]
verbose unpackTarget C:\Users\AIR-MINI\AppData\Local\Temp\npm-1330907187668\1330907187668-0.8760721541475505\package
silly gunzTarPerm modes [ '755', '644' ]
silly updated sha bytes 40960
silly updated sha bytes 40960
silly updated sha bytes 40960
silly updated sha bytes 40960
silly updated sha bytes 40960
silly updated sha bytes 40960
silly updated sha bytes 40960
silly updated sha bytes 40960
silly updated sha bytes 40960
silly updated sha bytes 40960
silly updated sha bytes 40960
silly updated sha bytes 10240
info shasum 1f1a21b68096663e1c4709f132c4de886feba1c3
info shasum C:\Users\AIR-MINI\AppData\Local\Temp\npm-1330907187668\1330907187976-0.8817210574634373\tmp.tgz
verbose mkdir (expected) error ENOENT, no such file or directory 'C:\Users\AIR-MINI\AppData\Local\Temp\npm-1330907187668\1330907187976-0.8817210574634373\___package.npm'
verbose mkdir done: C:\Users\AIR-MINI\AppData\Local\Temp\npm-1330907187668\1330907187976-0.8817210574634373\___package.npm 755
verbose unpack_ uid, gid [ undefined, undefined ]
verbose unpackTarget C:\Users\AIR-MINI\AppData\Local\Temp\npm-1330907187668\1330907187976-0.8817210574634373\package
silly gunzTarPerm modes [ '755', '644' ]
silly afterUntar undefined
verbose gunzed C:\Users\AIR-MINI\AppData\Local\Temp\npm-1330907187668\1330907187668-0.8760721541475505\___package.npm\package
verbose rm'ed C:\Users\AIR-MINI\AppData\Local\Temp\npm-1330907187668\1330907187668-0.8760721541475505\package
verbose renamed [ 'C:\\Users\\AIR-MINI\\AppData\\Local\\Temp\\npm-1330907187668\\1330907187668-0.8760721541475505\\___package.npm\\package',
verbose renamed   'C:\\Users\\AIR-MINI\\AppData\\Local\\Temp\\npm-1330907187668\\1330907187668-0.8760721541475505\\package' ]
verbose caching C:\Users\AIR-MINI\AppData\Local\Temp\npm-1330907187668\1330907187668-0.8760721541475505\package\package.json
verbose loadDefaults connect@1.8.5
verbose tarball contents [ 'package', 'tmp.tgz' ]
verbose from cache C:\Users\AIR-MINI\AppData\Local\Temp\npm-1330907187668\1330907187668-0.8760721541475505\package\package.json
verbose pack C:\Users\AIR-MINI\AppData\Local\Temp\npm-1330907187668\1330907187668-0.8760721541475505\package
verbose pack C:\Users\AIR-MINI\AppData\Local\Temp\npm-1330907187668\1330907187668-0.8760721541475505\package C:\Users\AIR-MINI\AppData\Roaming\npm-cache\connect\1.8.5\package.tgz
silly makeList C:\Users\AIR-MINI\AppData\Local\Temp\npm-1330907187668\1330907187668-0.8760721541475505\package
silly dir, dirLen [ 'C:\\Users\\AIR-MINI\\AppData\\Local\\Temp\\npm-1330907187668\\1330907187668-0.8760721541475505\\package',
silly dir, dirLen   96 ]
verbose tarball C:\Users\AIR-MINI\AppData\Roaming\npm-cache\connect\1.8.5\package.tgz
verbose parent C:\Users\AIR-MINI\AppData\Local\Temp\npm-1330907187668\1330907187668-0.8760721541475505\package
verbose mkdir (expected) error ENOENT, no such file or directory 'C:\Users\AIR-MINI\AppData\Roaming\npm-cache\connect\1.8.5\___package.npm'
verbose mkdir done: C:\Users\AIR-MINI\AppData\Roaming\npm-cache\connect\1.8.5\___package.npm 755
verbose unpack_ uid, gid [ undefined, undefined ]
verbose unpackTarget C:\Users\AIR-MINI\AppData\Roaming\npm-cache\connect\1.8.5\package
silly gunzTarPerm modes [ '755', '644' ]
silly afterUntar undefined
verbose gunzed C:\Users\AIR-MINI\AppData\Roaming\npm-cache\connect\1.8.5\___package.npm\package
verbose rm'ed C:\Users\AIR-MINI\AppData\Roaming\npm-cache\connect\1.8.5\package
verbose renamed [ 'C:\\Users\\AIR-MINI\\AppData\\Roaming\\npm-cache\\connect\\1.8.5\\___package.npm\\package',
verbose renamed   'C:\\Users\\AIR-MINI\\AppData\\Roaming\\npm-cache\\connect\\1.8.5\\package' ]
verbose caching C:\Users\AIR-MINI\AppData\Roaming\npm-cache\connect\1.8.5\package\package.json
verbose loadDefaults connect@1.8.5
silly updated sha bytes 40960
silly updated sha bytes 37079
info shasum d970bdd38d73af3f89ef6e10b18b730d8f520392
info shasum C:\Users\AIR-MINI\AppData\Roaming\npm-cache\connect\1.8.5\package.tgz
verbose from cache C:\Users\AIR-MINI\AppData\Roaming\npm-cache\connect\1.8.5\package\package.json
verbose chmod C:\Users\AIR-MINI\AppData\Roaming\npm-cache\connect\1.8.5\package.tgz 644
silly skipping chown for windows C:\Users\AIR-MINI\AppData\Roaming\npm-cache\connect\1.8.5\package.tgz
silly afterUntar undefined
verbose gunzed C:\Users\AIR-MINI\AppData\Local\Temp\npm-1330907187668\1330907187976-0.8817210574634373\___package.npm\package
verbose rm'ed C:\Users\AIR-MINI\AppData\Local\Temp\npm-1330907187668\1330907187976-0.8817210574634373\package
verbose renamed [ 'C:\\Users\\AIR-MINI\\AppData\\Local\\Temp\\npm-1330907187668\\1330907187976-0.8817210574634373\\___package.npm\\package',
verbose renamed   'C:\\Users\\AIR-MINI\\AppData\\Local\\Temp\\npm-1330907187668\\1330907187976-0.8817210574634373\\package' ]
verbose caching C:\Users\AIR-MINI\AppData\Local\Temp\npm-1330907187668\1330907187976-0.8817210574634373\package\package.json
verbose loadDefaults mongodb@0.9.7
verbose tarball contents [ 'package', 'tmp.tgz' ]
verbose from cache C:\Users\AIR-MINI\AppData\Local\Temp\npm-1330907187668\1330907187976-0.8817210574634373\package\package.json
verbose pack C:\Users\AIR-MINI\AppData\Local\Temp\npm-1330907187668\1330907187976-0.8817210574634373\package
verbose pack C:\Users\AIR-MINI\AppData\Local\Temp\npm-1330907187668\1330907187976-0.8817210574634373\package C:\Users\AIR-MINI\AppData\Roaming\npm-cache\mongodb\0.9.7\package.tgz
silly makeList C:\Users\AIR-MINI\AppData\Local\Temp\npm-1330907187668\1330907187976-0.8817210574634373\package
verbose caching C:\Users\AIR-MINI\AppData\Local\Temp\npm-1330907187668\1330907187976-0.8817210574634373\package\deps\gleak\package.json
verbose loadDefaults gleak@0.2.1
WARN nodeunit@0.5.1 package.json: bugs['web'] should probably be bugs['url']
verbose caching C:\Users\AIR-MINI\AppData\Local\Temp\npm-1330907187668\1330907187976-0.8817210574634373\package\deps\nodeunit\package.json
verbose loadDefaults nodeunit@0.5.1
verbose caching C:\Users\AIR-MINI\AppData\Local\Temp\npm-1330907187668\1330907187976-0.8817210574634373\package\deps\step\package.json
verbose loadDefaults step@0.0.4
silly dir, dirLen [ 'C:\\Users\\AIR-MINI\\AppData\\Local\\Temp\\npm-1330907187668\\1330907187976-0.8817210574634373\\package\\deps\\step',
silly dir, dirLen   106 ]
silly dir, dirLen [ 'C:\\Users\\AIR-MINI\\AppData\\Local\\Temp\\npm-1330907187668\\1330907187976-0.8817210574634373\\package\\deps\\gleak',
silly dir, dirLen   107 ]
silly dir, dirLen [ 'C:\\Users\\AIR-MINI\\AppData\\Local\\Temp\\npm-1330907187668\\1330907187976-0.8817210574634373\\package\\deps\\nodeunit',
silly dir, dirLen   110 ]
silly dir, dirLen [ 'C:\\Users\\AIR-MINI\\AppData\\Local\\Temp\\npm-1330907187668\\1330907187976-0.8817210574634373\\package',
silly dir, dirLen   96 ]
verbose tarball C:\Users\AIR-MINI\AppData\Roaming\npm-cache\mongodb\0.9.7\package.tgz
verbose parent C:\Users\AIR-MINI\AppData\Local\Temp\npm-1330907187668\1330907187976-0.8817210574634373\package
verbose mkdir (expected) error ENOENT, no such file or directory 'C:\Users\AIR-MINI\AppData\Roaming\npm-cache\mongodb\0.9.7\___package.npm'
verbose mkdir done: C:\Users\AIR-MINI\AppData\Roaming\npm-cache\mongodb\0.9.7\___package.npm 755
verbose unpack_ uid, gid [ undefined, undefined ]
verbose unpackTarget C:\Users\AIR-MINI\AppData\Roaming\npm-cache\mongodb\0.9.7\package
silly gunzTarPerm modes [ '755', '644' ]
silly afterUntar undefined
verbose gunzed C:\Users\AIR-MINI\AppData\Roaming\npm-cache\mongodb\0.9.7\___package.npm\package
verbose rm'ed C:\Users\AIR-MINI\AppData\Roaming\npm-cache\mongodb\0.9.7\package
verbose renamed [ 'C:\\Users\\AIR-MINI\\AppData\\Roaming\\npm-cache\\mongodb\\0.9.7\\___package.npm\\package',
verbose renamed   'C:\\Users\\AIR-MINI\\AppData\\Roaming\\npm-cache\\mongodb\\0.9.7\\package' ]
verbose caching C:\Users\AIR-MINI\AppData\Roaming\npm-cache\mongodb\0.9.7\package\package.json
verbose loadDefaults mongodb@0.9.7
silly updated sha bytes 40960
silly updated sha bytes 40960
silly updated sha bytes 40960
silly updated sha bytes 40960
silly updated sha bytes 40960
silly updated sha bytes 40960
silly updated sha bytes 40960
silly updated sha bytes 40960
silly updated sha bytes 40960
silly updated sha bytes 40960
silly updated sha bytes 40960
silly updated sha bytes 14670
info shasum 926a7e62e8e741ea250e7a993f7b1f69fc776010
info shasum C:\Users\AIR-MINI\AppData\Roaming\npm-cache\mongodb\0.9.7\package.tgz
verbose from cache C:\Users\AIR-MINI\AppData\Roaming\npm-cache\mongodb\0.9.7\package\package.json
verbose chmod C:\Users\AIR-MINI\AppData\Roaming\npm-cache\mongodb\0.9.7\package.tgz 644
silly skipping chown for windows C:\Users\AIR-MINI\AppData\Roaming\npm-cache\mongodb\0.9.7\package.tgz
silly resolved [ { name: 'connect',
silly resolved     version: '1.8.5',
silly resolved     description: 'High performance middleware framework',
silly resolved     keywords: [ 'framework', 'web', 'middleware', 'connect', 'rack' ],
silly resolved     repository: { type: 'git', url: 'git://github.com/senchalabs/connect.git' },
silly resolved     author: 
silly resolved      { name: 'TJ Holowaychuk',
silly resolved        email: 'tj@vision-media.ca',
silly resolved        url: 'http://tjholowaychuk.com' },
silly resolved     dependencies: { qs: '>= 0.4.0', mime: '>= 0.0.1', formidable: '1.0.x' },
silly resolved     devDependencies: 
silly resolved      { expresso: '0.9.2',
silly resolved        koala: '0.1.2',
silly resolved        less: '1.1.1',
silly resolved        sass: '0.5.0',
silly resolved        markdown: '0.2.1',
silly resolved        ejs: '0.4.3',
silly resolved        should: '0.3.2' },
silly resolved     main: 'index',
silly resolved     engines: { node: '>= 0.4.1 < 0.7.0' },
silly resolved     _id: 'connect@1.8.5',
silly resolved     _engineSupported: true,
silly resolved     _npmVersion: '1.1.0-beta-4',
silly resolved     _nodeVersion: 'v0.6.6',
silly resolved     _defaultsLoaded: true,
silly resolved     dist: { shasum: 'd970bdd38d73af3f89ef6e10b18b730d8f520392' },
silly resolved     scripts: {} },
silly resolved   { name: 'mongodb',
silly resolved     description: 'A node.js driver for MongoDB',
silly resolved     keywords: [ 'mongodb', 'mongo', 'driver', 'db' ],
silly resolved     version: '0.9.7',
silly resolved     author: { name: 'Christian Amor Kvalheim', email: 'christkv@gmail.com' },
silly resolved     contributors: 
silly resolved      [ { name: 'Aaron Heckmann' },
silly resolved        { name: 'Christoph Pojer' },
silly resolved        { name: 'Pau Ramon Revilla' },
silly resolved        { name: 'Nathan White' },
silly resolved        { name: 'Emmerman' },
silly resolved        { name: 'Seth LaForge' },
silly resolved        { name: 'Boris Filipov' },
silly resolved        { name: 'Stefan Schärmeli' },
silly resolved        { name: 'Tedde Lundgren' },
silly resolved        { name: 'renctan' },
silly resolved        { name: 'Sergey Ukustov' },
silly resolved        { name: 'Ciaran Jessup' },
silly resolved        { name: 'kuno' },
silly resolved        { name: 'srimonti' },
silly resolved        { name: 'Erik Abele' },
silly resolved        { name: 'Pratik Daga' },
silly resolved        { name: 'Slobodan Utvic' },
silly resolved        { name: 'Kristina Chodorow' },
silly resolved        { name: 'Yonathan Randolph' },
silly resolved        { name: 'Brian Noguchi' },
silly resolved        { name: 'Sam Epstein' },
silly resolved        { name: 'James Harrison Fisher' },
silly resolved        { name: 'Vladimir Dronnikov' },
silly resolved        { name: 'Ben Hockey' },
silly resolved        { name: 'Henrik Johansson' },
silly resolved        { name: 'Simon Weare' },
silly resolved        { name: 'Alex Gorbatchev' },
silly resolved        { name: 'Shimon Doodkin' },
silly resolved        { name: 'Kyle Mueller' },
silly resolved        { name: 'Eran Hammer-Lahav' },
silly resolved        { name: 'Marcin Ciszak' },
silly resolved        { name: 'François de Metz' },
silly resolved        { name: 'Vinay Pulim' },
silly resolved        { name: 'nstielau' },
silly resolved        { name: 'Adam Wiggins' },
silly resolved        { name: 'entrinzikyl' },
silly resolved        { name: 'Jeremy Selier' },
silly resolved        { name: 'Ian Millington' },
silly resolved        { name: 'Public Keating' },
silly resolved        { name: 'andrewjstone' },
silly resolved        { name: 'Christopher Stott' },
silly resolved        { name: 'Corey Jewett' },
silly resolved        { name: 'brettkiefer' },
silly resolved        { name: 'Rob Holland' },
silly resolved        { name: 'Senmiao Liu' },
silly resolved        { name: 'heroic' },
silly resolved        { name: 'gitfy' },
silly resolved        { name: 'Andrew Stone' } ],
silly resolved     repository: 
silly resolved      { type: 'git',
silly resolved        url: 'git://github.com/christkv/node-mongodb-native.git' },
silly resolved     bugs: 
silly resolved      { email: 'node-mongodb-native@googlegroups.com',
silly resolved        url: 'http://github.com/christkv/node-mongodb-native/issues' },
silly resolved     os: [ 'linux', 'darwin', 'freebsd' ],
silly resolved     config: { native: false },
silly resolved     main: './lib/mongodb/index',
silly resolved     directories: { lib: './lib/mongodb' },
silly resolved     engines: { node: '>=0.4.0' },
silly resolved     scripts: { install: 'bash ./install.sh' },
silly resolved     licenses: 
silly resolved      [ { type: 'Apache License, Version 2.0',
silly resolved          url: 'http://www.apache.org/licenses/LICENSE-2.0' } ],
silly resolved     _id: 'mongodb@0.9.7',
silly resolved     dependencies: {},
silly resolved     devDependencies: {},
silly resolved     _engineSupported: true,
silly resolved     _npmVersion: '1.1.0-beta-4',
silly resolved     _nodeVersion: 'v0.6.6',
silly resolved     _defaultsLoaded: true,
silly resolved     dist: { shasum: '926a7e62e8e741ea250e7a993f7b1f69fc776010' } } ]
info into C:\users\air-mini\documents\projects\boxhop\node_modules\connect-mongodb connect@1.8.5
info into C:\users\air-mini\documents\projects\boxhop\node_modules\connect-mongodb mongodb@0.9.7
info installOne connect@1.8.5
info installOne mongodb@0.9.7
info unbuild C:\users\air-mini\documents\projects\boxhop\node_modules\connect-mongodb\node_modules\connect
info unbuild C:\users\air-mini\documents\projects\boxhop\node_modules\connect-mongodb\node_modules\mongodb
verbose from cache C:\Users\AIR-MINI\AppData\Roaming\npm-cache\connect\1.8.5\package\package.json
verbose from cache C:\Users\AIR-MINI\AppData\Roaming\npm-cache\mongodb\0.9.7\package\package.json
verbose mkdir (expected) error ENOENT, no such file or directory 'C:\users\air-mini\documents\projects\boxhop\node_modules\connect-mongodb\node_modules'
verbose mkdir (expected) error ENOENT, no such file or directory 'C:\users\air-mini\documents\projects\boxhop\node_modules\connect-mongodb\node_modules\___mongodb.npm'
verbose mkdir (expected) error ENOENT, no such file or directory 'C:\users\air-mini\documents\projects\boxhop\node_modules\connect-mongodb\node_modules\___connect.npm'
verbose mkdir done: C:\users\air-mini\documents\projects\boxhop\node_modules\connect-mongodb\node_modules\___mongodb.npm 755
verbose unpack_ uid, gid [ undefined, undefined ]
verbose unpackTarget C:\users\air-mini\documents\projects\boxhop\node_modules\connect-mongodb\node_modules\mongodb
silly gunzTarPerm modes [ '755', '644' ]
verbose mkdir done: C:\users\air-mini\documents\projects\boxhop\node_modules\connect-mongodb\node_modules\___connect.npm 755
verbose unpack_ uid, gid [ undefined, undefined ]
verbose unpackTarget C:\users\air-mini\documents\projects\boxhop\node_modules\connect-mongodb\node_modules\connect
silly gunzTarPerm modes [ '755', '644' ]
silly afterUntar undefined
verbose gunzed C:\users\air-mini\documents\projects\boxhop\node_modules\connect-mongodb\node_modules\___connect.npm\package
verbose rm'ed C:\users\air-mini\documents\projects\boxhop\node_modules\connect-mongodb\node_modules\connect
verbose renamed [ 'C:\\users\\air-mini\\documents\\projects\\boxhop\\node_modules\\connect-mongodb\\node_modules\\___connect.npm\\package',
verbose renamed   'C:\\users\\air-mini\\documents\\projects\\boxhop\\node_modules\\connect-mongodb\\node_modules\\connect' ]
verbose caching C:\users\air-mini\documents\projects\boxhop\node_modules\connect-mongodb\node_modules\connect\package.json
verbose loadDefaults connect@1.8.5
info preinstall connect@1.8.5
verbose from cache C:\users\air-mini\documents\projects\boxhop\node_modules\connect-mongodb\node_modules\connect\package.json
verbose into C:\users\air-mini\documents\projects\boxhop\node_modules\connect-mongodb\node_modules\connect [ 'qs@>= 0.4.0', 'mime@>= 0.0.1', 'formidable@1.0.x' ]
verbose cache add mime@>= 0.0.1
verbose cache add [ 'mime@>= 0.0.1', null ]
silly cache add: name, spec, args [ undefined, 'mime@>= 0.0.1', [ 'mime@>= 0.0.1', null ] ]
verbose parsed url { pathname: 'mime@', path: 'mime@', href: 'mime@' }
silly cache add: name, spec, args [ 'mime', '>= 0.0.1', [ 'mime', '>= 0.0.1' ] ]
verbose parsed url { pathname: '=', path: '=', href: '=' }
verbose addNamed [ 'mime', '>= 0.0.1' ]
verbose addNamed [ null, '>=0.0.1' ]
silly name, range, hasData [ 'mime', '>=0.0.1', false ]
verbose cache add formidable@1.0.x
verbose cache add [ 'formidable@1.0.x', null ]
silly cache add: name, spec, args [ undefined, 'formidable@1.0.x', [ 'formidable@1.0.x', null ] ]
verbose parsed url { pathname: 'formidable@1.0.x',
verbose parsed url   path: 'formidable@1.0.x',
verbose parsed url   href: 'formidable@1.0.x' }
silly cache add: name, spec, args [ 'formidable', '1.0.x', [ 'formidable', '1.0.x' ] ]
verbose parsed url { pathname: '1.0.x', path: '1.0.x', href: '1.0.x' }
verbose addNamed [ 'formidable', '1.0.x' ]
verbose addNamed [ null, '>=1.0.0- <1.1.0-' ]
silly name, range, hasData [ 'formidable', '>=1.0.0- <1.1.0-', false ]
verbose cache add qs@>= 0.4.0
verbose cache add [ 'qs@>= 0.4.0', null ]
silly cache add: name, spec, args [ undefined, 'qs@>= 0.4.0', [ 'qs@>= 0.4.0', null ] ]
verbose parsed url { pathname: 'qs@', path: 'qs@', href: 'qs@' }
silly cache add: name, spec, args [ 'qs', '>= 0.4.0', [ 'qs', '>= 0.4.0' ] ]
verbose parsed url { pathname: '=', path: '=', href: '=' }
verbose addNamed [ 'qs', '>= 0.4.0' ]
verbose addNamed [ null, '>=0.4.0' ]
silly name, range, hasData [ 'qs', '>=0.4.0', false ]
verbose raw, before any munging formidable
verbose url resolving [ 'https://registry.npmjs.org/', './formidable' ]
verbose url resolved https://registry.npmjs.org/formidable
verbose etag "1872XKQ0WN1WLUKIRJ20DTY1"
http GET https://registry.npmjs.org/formidable
verbose raw, before any munging mime
verbose url resolving [ 'https://registry.npmjs.org/', './mime' ]
verbose url resolved https://registry.npmjs.org/mime
verbose etag "1CU7LXHNPQKCQY32QJVPBSJDE"
http GET https://registry.npmjs.org/mime
verbose raw, before any munging qs
verbose url resolving [ 'https://registry.npmjs.org/', './qs' ]
verbose url resolved https://registry.npmjs.org/qs
verbose etag "88ML9H4MRNIP4WV0VPPU5J1JF"
http GET https://registry.npmjs.org/qs
http 200 https://registry.npmjs.org/qs
silly get cb [ 200,
silly get cb   { vary: 'Accept',
silly get cb     server: 'CouchDB/1.1.0 (Erlang OTP/R14B04)',
silly get cb     etag: '"9UJWTW92VEFULN7PKA3OU7RS4"',
silly get cb     date: 'Mon, 05 Mar 2012 00:26:53 GMT',
silly get cb     'content-type': 'application/json',
silly get cb     'content-length': '10254' } ]
verbose mkdir done: C:\Users\AIR-MINI\AppData\Roaming\npm-cache\qs 755
silly name, range, hasData 2 [ 'qs', '>=0.4.0', true ]
silly versions [ 'qs',
silly versions   [ '0.0.1',
silly versions     '0.0.2',
silly versions     '0.0.3',
silly versions     '0.0.4',
silly versions     '0.0.5',
silly versions     '0.0.6',
silly versions     '0.0.7',
silly versions     '0.1.0',
silly versions     '0.2.0',
silly versions     '0.3.0',
silly versions     '0.3.1',
silly versions     '0.3.2',
silly versions     '0.4.0',
silly versions     '0.4.1',
silly versions     '0.4.2' ] ]
verbose bin dist [ '0.6-ares1.7.5-DEV-evundefined-openssl0.9.8r-v83.6.6.14-win32-ia32-6.1.7601',
verbose bin dist   { shasum: '3cac4c861e371a8c9c4770ac23cda8de639b8e5f',
verbose bin dist     tarball: 'http://registry.npmjs.org/qs/-/qs-0.4.2.tgz' } ]
http 200 https://registry.npmjs.org/mime
silly get cb [ 200,
silly get cb   { vary: 'Accept',
silly get cb     server: 'CouchDB/1.1.0 (Erlang OTP/R14B04)',
silly get cb     etag: '"6ISEQALX22HMQRFTTSXTZPA1A"',
silly get cb     date: 'Mon, 05 Mar 2012 00:26:53 GMT',
silly get cb     'content-type': 'application/json',
silly get cb     'content-length': '6018' } ]
verbose mkdir done: C:\Users\AIR-MINI\AppData\Roaming\npm-cache\mime 755
silly name, range, hasData 2 [ 'mime', '>=0.0.1', true ]
silly versions [ 'mime',
silly versions   [ '1.0.0', '1.1.0', '1.2.1', '1.2.2', '1.2.3', '1.2.4', '1.2.5' ] ]
verbose bin dist [ '0.6-ares1.7.5-DEV-evundefined-openssl0.9.8r-v83.6.6.14-win32-ia32-6.1.7601',
verbose bin dist   { shasum: '9eed073022a8bf5e16c8566c6867b8832bfbfa13',
verbose bin dist     tarball: 'http://registry.npmjs.org/mime/-/mime-1.2.5.tgz' } ]
verbose addRemoteTarball [ 'https://registry.npmjs.org/mime/-/mime-1.2.5.tgz',
verbose addRemoteTarball   '9eed073022a8bf5e16c8566c6867b8832bfbfa13' ]
http 200 https://registry.npmjs.org/formidable
silly get cb [ 200,
silly get cb   { vary: 'Accept',
silly get cb     server: 'CouchDB/1.1.0 (Erlang OTP/R14B04)',
silly get cb     etag: '"6QP36ZC1SA8O8SKVX09YK8PNQ"',
silly get cb     date: 'Mon, 05 Mar 2012 00:26:53 GMT',
silly get cb     'content-type': 'application/json',
silly get cb     'content-length': '26116' } ]
verbose mkdir done: C:\Users\AIR-MINI\AppData\Roaming\npm-cache\formidable 755
verbose mkdir (expected) error ENOENT, no such file or directory 'C:\Users\AIR-MINI\AppData\Local\Temp\npm-1330907187668\1330907216542-0.7109090012963861'
verbose mkdir done: C:\Users\AIR-MINI\AppData\Local\Temp\npm-1330907187668\1330907216542-0.7109090012963861 755
verbose fetch to C:\Users\AIR-MINI\AppData\Local\Temp\npm-1330907187668\1330907216542-0.7109090012963861\tmp.tgz
verbose caching C:\Users\AIR-MINI\AppData\Roaming\npm-cache\qs\0.4.2\package\package.json
verbose loadDefaults qs@0.4.2
silly name, range, hasData 2 [ 'formidable', '>=1.0.0- <1.1.0-', true ]
silly versions [ 'formidable',
silly versions   [ '0.3.0',
silly versions     '0.4.0',
silly versions     '0.5.0',
silly versions     '0.6.0',
silly versions     '0.7.0',
silly versions     '0.8.0',
silly versions     '0.9.0',
silly versions     '0.9.1',
silly versions     '0.9.2',
silly versions     '0.9.3',
silly versions     '0.9.4',
silly versions     '0.9.5',
silly versions     '0.9.6',
silly versions     '0.9.7',
silly versions     '0.9.8',
silly versions     '0.9.9',
silly versions     '0.9.10',
silly versions     '0.9.11',
silly versions     '1.0.0',
silly versions     '1.0.1',
silly versions     '1.0.2',
silly versions     '1.0.3',
silly versions     '1.0.4',
silly versions     '1.0.5',
silly versions     '1.0.6',
silly versions     '1.0.7',
silly versions     '1.0.8',
silly versions     '1.0.9' ] ]
verbose bin dist [ '0.6-ares1.7.5-DEV-evundefined-openssl0.9.8r-v83.6.6.14-win32-ia32-6.1.7601',
verbose bin dist   { shasum: '06a4488d0480b0c086c3fd332db078d1daafa88a',
verbose bin dist     tarball: 'http://registry.npmjs.org/formidable/-/formidable-1.0.9.tgz' } ]
verbose mkdir done: C:\Users\AIR-MINI\AppData\Local\Temp\npm-1330907187668\1330907216542-0.7109090012963861 755
verbose addRemoteTarball [ 'https://registry.npmjs.org/formidable/-/formidable-1.0.9.tgz',
verbose addRemoteTarball   '06a4488d0480b0c086c3fd332db078d1daafa88a' ]
http GET https://registry.npmjs.org/mime/-/mime-1.2.5.tgz
verbose mkdir (expected) error ENOENT, no such file or directory 'C:\Users\AIR-MINI\AppData\Local\Temp\npm-1330907187668\1330907216648-0.8889138079248369'
verbose mkdir done: C:\Users\AIR-MINI\AppData\Local\Temp\npm-1330907187668\1330907216648-0.8889138079248369 755
verbose fetch to C:\Users\AIR-MINI\AppData\Local\Temp\npm-1330907187668\1330907216648-0.8889138079248369\tmp.tgz
verbose mkdir done: C:\Users\AIR-MINI\AppData\Local\Temp\npm-1330907187668\1330907216648-0.8889138079248369 755
http GET https://registry.npmjs.org/formidable/-/formidable-1.0.9.tgz
http 200 https://registry.npmjs.org/formidable/-/formidable-1.0.9.tgz
http 200 https://registry.npmjs.org/mime/-/mime-1.2.5.tgz
silly updated sha bytes 29966
info shasum 06a4488d0480b0c086c3fd332db078d1daafa88a
info shasum C:\Users\AIR-MINI\AppData\Local\Temp\npm-1330907187668\1330907216648-0.8889138079248369\tmp.tgz
silly updated sha bytes 17188
info shasum 9eed073022a8bf5e16c8566c6867b8832bfbfa13
info shasum C:\Users\AIR-MINI\AppData\Local\Temp\npm-1330907187668\1330907216542-0.7109090012963861\tmp.tgz
verbose mkdir (expected) error ENOENT, no such file or directory 'C:\Users\AIR-MINI\AppData\Local\Temp\npm-1330907187668\1330907216648-0.8889138079248369\___package.npm'
verbose mkdir done: C:\Users\AIR-MINI\AppData\Local\Temp\npm-1330907187668\1330907216648-0.8889138079248369\___package.npm 755
verbose unpack_ uid, gid [ undefined, undefined ]
verbose unpackTarget C:\Users\AIR-MINI\AppData\Local\Temp\npm-1330907187668\1330907216648-0.8889138079248369\package
silly gunzTarPerm modes [ '755', '644' ]
verbose mkdir (expected) error ENOENT, no such file or directory 'C:\Users\AIR-MINI\AppData\Local\Temp\npm-1330907187668\1330907216542-0.7109090012963861\___package.npm'
verbose mkdir done: C:\Users\AIR-MINI\AppData\Local\Temp\npm-1330907187668\1330907216542-0.7109090012963861\___package.npm 755
verbose unpack_ uid, gid [ undefined, undefined ]
verbose unpackTarget C:\Users\AIR-MINI\AppData\Local\Temp\npm-1330907187668\1330907216542-0.7109090012963861\package
silly gunzTarPerm modes [ '755', '644' ]
silly afterUntar undefined
verbose gunzed C:\Users\AIR-MINI\AppData\Local\Temp\npm-1330907187668\1330907216542-0.7109090012963861\___package.npm\package
verbose rm'ed C:\Users\AIR-MINI\AppData\Local\Temp\npm-1330907187668\1330907216542-0.7109090012963861\package
verbose renamed [ 'C:\\Users\\AIR-MINI\\AppData\\Local\\Temp\\npm-1330907187668\\1330907216542-0.7109090012963861\\___package.npm\\package',
verbose renamed   'C:\\Users\\AIR-MINI\\AppData\\Local\\Temp\\npm-1330907187668\\1330907216542-0.7109090012963861\\package' ]
verbose caching C:\Users\AIR-MINI\AppData\Local\Temp\npm-1330907187668\1330907216542-0.7109090012963861\package\package.json
verbose loadDefaults mime@1.2.5
verbose tarball contents [ 'package', 'tmp.tgz' ]
verbose from cache C:\Users\AIR-MINI\AppData\Local\Temp\npm-1330907187668\1330907216542-0.7109090012963861\package\package.json
verbose pack C:\Users\AIR-MINI\AppData\Local\Temp\npm-1330907187668\1330907216542-0.7109090012963861\package
verbose pack C:\Users\AIR-MINI\AppData\Local\Temp\npm-1330907187668\1330907216542-0.7109090012963861\package C:\Users\AIR-MINI\AppData\Roaming\npm-cache\mime\1.2.5\package.tgz
silly makeList C:\Users\AIR-MINI\AppData\Local\Temp\npm-1330907187668\1330907216542-0.7109090012963861\package
silly dir, dirLen [ 'C:\\Users\\AIR-MINI\\AppData\\Local\\Temp\\npm-1330907187668\\1330907216542-0.7109090012963861\\package',
silly dir, dirLen   96 ]
verbose tarball C:\Users\AIR-MINI\AppData\Roaming\npm-cache\mime\1.2.5\package.tgz
verbose parent C:\Users\AIR-MINI\AppData\Local\Temp\npm-1330907187668\1330907216542-0.7109090012963861\package
verbose mkdir (expected) error ENOENT, no such file or directory 'C:\Users\AIR-MINI\AppData\Roaming\npm-cache\mime\1.2.5\___package.npm'
verbose mkdir done: C:\Users\AIR-MINI\AppData\Roaming\npm-cache\mime\1.2.5\___package.npm 755
verbose unpack_ uid, gid [ undefined, undefined ]
verbose unpackTarget C:\Users\AIR-MINI\AppData\Roaming\npm-cache\mime\1.2.5\package
silly gunzTarPerm modes [ '755', '644' ]
silly afterUntar undefined
verbose gunzed C:\Users\AIR-MINI\AppData\Roaming\npm-cache\mime\1.2.5\___package.npm\package
verbose rm'ed C:\Users\AIR-MINI\AppData\Roaming\npm-cache\mime\1.2.5\package
verbose renamed [ 'C:\\Users\\AIR-MINI\\AppData\\Roaming\\npm-cache\\mime\\1.2.5\\___package.npm\\package',
verbose renamed   'C:\\Users\\AIR-MINI\\AppData\\Roaming\\npm-cache\\mime\\1.2.5\\package' ]
verbose caching C:\Users\AIR-MINI\AppData\Roaming\npm-cache\mime\1.2.5\package\package.json
verbose loadDefaults mime@1.2.5
silly updated sha bytes 17295
info shasum a3340af9cf135058e4d53084c2176fd08e680a98
info shasum C:\Users\AIR-MINI\AppData\Roaming\npm-cache\mime\1.2.5\package.tgz
verbose from cache C:\Users\AIR-MINI\AppData\Roaming\npm-cache\mime\1.2.5\package\package.json
verbose chmod C:\Users\AIR-MINI\AppData\Roaming\npm-cache\mime\1.2.5\package.tgz 644
silly skipping chown for windows C:\Users\AIR-MINI\AppData\Roaming\npm-cache\mime\1.2.5\package.tgz
silly afterUntar undefined
verbose gunzed C:\Users\AIR-MINI\AppData\Local\Temp\npm-1330907187668\1330907216648-0.8889138079248369\___package.npm\package
verbose rm'ed C:\Users\AIR-MINI\AppData\Local\Temp\npm-1330907187668\1330907216648-0.8889138079248369\package
verbose renamed [ 'C:\\Users\\AIR-MINI\\AppData\\Local\\Temp\\npm-1330907187668\\1330907216648-0.8889138079248369\\___package.npm\\package',
verbose renamed   'C:\\Users\\AIR-MINI\\AppData\\Local\\Temp\\npm-1330907187668\\1330907216648-0.8889138079248369\\package' ]
verbose caching C:\Users\AIR-MINI\AppData\Local\Temp\npm-1330907187668\1330907216648-0.8889138079248369\package\package.json
verbose loadDefaults formidable@1.0.9
verbose tarball contents [ 'package', 'tmp.tgz' ]
verbose from cache C:\Users\AIR-MINI\AppData\Local\Temp\npm-1330907187668\1330907216648-0.8889138079248369\package\package.json
verbose pack C:\Users\AIR-MINI\AppData\Local\Temp\npm-1330907187668\1330907216648-0.8889138079248369\package
verbose pack C:\Users\AIR-MINI\AppData\Local\Temp\npm-1330907187668\1330907216648-0.8889138079248369\package C:\Users\AIR-MINI\AppData\Roaming\npm-cache\formidable\1.0.9\package.tgz
silly makeList C:\Users\AIR-MINI\AppData\Local\Temp\npm-1330907187668\1330907216648-0.8889138079248369\package
silly dir, dirLen [ 'C:\\Users\\AIR-MINI\\AppData\\Local\\Temp\\npm-1330907187668\\1330907216648-0.8889138079248369\\package',
silly dir, dirLen   96 ]
verbose tarball C:\Users\AIR-MINI\AppData\Roaming\npm-cache\formidable\1.0.9\package.tgz
verbose parent C:\Users\AIR-MINI\AppData\Local\Temp\npm-1330907187668\1330907216648-0.8889138079248369\package
verbose mkdir (expected) error ENOENT, no such file or directory 'C:\Users\AIR-MINI\AppData\Roaming\npm-cache\formidable\1.0.9\___package.npm'
verbose mkdir done: C:\Users\AIR-MINI\AppData\Roaming\npm-cache\formidable\1.0.9\___package.npm 755
verbose unpack_ uid, gid [ undefined, undefined ]
verbose unpackTarget C:\Users\AIR-MINI\AppData\Roaming\npm-cache\formidable\1.0.9\package
silly gunzTarPerm modes [ '755', '644' ]
silly afterUntar undefined
verbose gunzed C:\users\air-mini\documents\projects\boxhop\node_modules\connect-mongodb\node_modules\___mongodb.npm\package
verbose rm'ed C:\users\air-mini\documents\projects\boxhop\node_modules\connect-mongodb\node_modules\mongodb
verbose renamed [ 'C:\\users\\air-mini\\documents\\projects\\boxhop\\node_modules\\connect-mongodb\\node_modules\\___mongodb.npm\\package',
verbose renamed   'C:\\users\\air-mini\\documents\\projects\\boxhop\\node_modules\\connect-mongodb\\node_modules\\mongodb' ]
verbose caching C:\users\air-mini\documents\projects\boxhop\node_modules\connect-mongodb\node_modules\mongodb\package.json
verbose loadDefaults mongodb@0.9.7
info preinstall mongodb@0.9.7
verbose from cache C:\users\air-mini\documents\projects\boxhop\node_modules\connect-mongodb\node_modules\mongodb\package.json
verbose into C:\users\air-mini\documents\projects\boxhop\node_modules\connect-mongodb\node_modules\mongodb []
silly resolved []
verbose about to build C:\users\air-mini\documents\projects\boxhop\node_modules\connect-mongodb\node_modules\mongodb
info build C:\users\air-mini\documents\projects\boxhop\node_modules\connect-mongodb\node_modules\mongodb
verbose from cache C:\users\air-mini\documents\projects\boxhop\node_modules\connect-mongodb\node_modules\mongodb\package.json
verbose linkStuff [ false,
verbose linkStuff   false,
verbose linkStuff   false,
verbose linkStuff   'C:\\users\\air-mini\\documents\\projects\\boxhop\\node_modules\\connect-mongodb\\node_modules' ]
info linkStuff mongodb@0.9.7
verbose linkBins mongodb@0.9.7
verbose linkMans mongodb@0.9.7
verbose rebuildBundles mongodb@0.9.7
info install mongodb@0.9.7
verbose unsafe-perm in lifecycle true
silly exec cmd "/c" "bash ./install.sh"
silly spawning [ 'cmd',
silly spawning   [ '/c', 'bash ./install.sh' ],
silly spawning   'C:\\users\\air-mini\\documents\\projects\\boxhop\\node_modules\\connect-mongodb\\node_modules\\mongodb' ]
info mongodb@0.9.7 Failed to exec install script
ERR! error installing mongodb@0.9.7
info unbuild C:\users\air-mini\documents\projects\boxhop\node_modules\connect-mongodb\node_modules\mongodb
verbose from cache C:\users\air-mini\documents\projects\boxhop\node_modules\connect-mongodb\node_modules\mongodb\package.json
info preuninstall mongodb@0.9.7
info uninstall mongodb@0.9.7
verbose unbuild mongodb@0.9.7 [ false,
verbose unbuild mongodb@0.9.7   'C:\\users\\air-mini\\documents\\projects\\boxhop\\node_modules',
verbose unbuild mongodb@0.9.7   'C:\\users\\air-mini\\documents\\projects\\boxhop\\node_modules\\connect-mongodb\\node_modules' ]
info postuninstall mongodb@0.9.7
verbose installOne cb mongodb@0.9.7
verbose about to build C:\users\air-mini\documents\projects\boxhop\node_modules\connect-mongodb
ERR! error installing connect-mongodb@1.1.3
info unbuild C:\users\air-mini\documents\projects\boxhop\node_modules\connect-mongodb
verbose from cache C:\users\air-mini\documents\projects\boxhop\node_modules\connect-mongodb\package.json
info preuninstall connect-mongodb@1.1.3
info uninstall connect-mongodb@1.1.3
verbose unbuild connect-mongodb@1.1.3 [ true,
verbose unbuild connect-mongodb@1.1.3   'C:\\users\\air-mini\\documents\\projects\\boxhop\\node_modules',
verbose unbuild connect-mongodb@1.1.3   'C:\\users\\air-mini\\documents\\projects\\boxhop\\node_modules' ]
info postuninstall connect-mongodb@1.1.3
verbose installOne cb connect-mongodb@1.1.3
ERR! mongodb@0.9.7 install: `bash ./install.sh`
ERR! `cmd "/c" "bash ./install.sh"` failed with 1
ERR! 
ERR! Failed at the mongodb@0.9.7 install script.
ERR! This is most likely a problem with the mongodb package,
ERR! not with npm itself.
ERR! Tell the author that this fails on your system:
ERR!     bash ./install.sh
ERR! You can get their info via:
ERR!     npm owner ls mongodb
ERR! There is likely additional logging output above.
ERR! 
ERR! System Windows_NT 6.1.7601
ERR! command "C:\\Program Files\\nodejs\\\\node.exe" "C:\\Program Files\\nodejs\\node_modules\\npm\\bin\\npm-cli.js" "install" "connect-mongodb"
ERR! cwd C:\users\air-mini\documents\projects\boxhop
ERR! node -v v0.6.6
ERR! npm -v 1.1.0-beta-4
ERR! code ELIFECYCLE
ERR! message mongodb@0.9.7 install: `bash ./install.sh`
ERR! message `cmd "/c" "bash ./install.sh"` failed with 1
verbose exit [ 1, true ]
